2025-11-11 19:22:35 - --- 脚本开始执行 ---
2025-11-11 19:22:35 - 没有检测到任何更改，跳过提交和推送。
2025-11-11 19:22:35 - --- 脚本执行结束 ---
2025-11-11 19:26:31 - --- 脚本开始执行 ---
2025-11-11 19:26:31 - 检测到需要提交的更改。进行 git add 和 git commit。
2025-11-11 19:26:31 - 提交成功: "Auto commit: 2025-11-11 19:26:31"
2025-11-11 19:26:31 - 开始推送代码到 GitHub...
2025-11-11 19:26:50 - 推送成功。
2025-11-11 19:26:50 - --- 脚本执行结束 ---
2025-11-11 19:30:47 - --- 脚本开始执行 ---
2025-11-11 19:30:47 - 检测到需要提交的更改。进行 git add 和 git commit。
2025-11-11 19:30:47 - 提交成功: "Auto commit: 2025-11-11 19:30:47"
2025-11-11 19:30:47 - 开始推送代码到 GitHub...
2025-11-11 19:35:14 - --- 脚本开始执行 ---
2025-11-11 19:35:14 - 检测到需要提交的更改。进行 git add 和 git commit。
2025-11-11 19:35:14 - 提交成功: "Auto commit: 2025-11-11 19:35:14"
2025-11-11 19:35:14 - 开始推送代码到 GitHub...
2025-11-11 19:37:49 - --- 脚本开始执行 ---
2025-11-11 19:37:49 - 检测到需要提交的更改。进行 git add 和 git commit。
2025-11-11 19:37:49 - 提交成功: "Auto commit: 2025-11-11 19:37:49"
2025-11-11 19:37:49 - 开始推送代码到 GitHub...
2025-11-11 19:37:52 - 推送成功。
2025-11-11 19:37:52 - --- 脚本执行结束 ---
2025-11-11 19:38:41 - --- 脚本开始执行 ---
2025-11-11 19:38:41 - 检测到需要提交的更改。进行 git add 和 git commit。
2025-11-11 19:38:41 - 提交成功: "Auto commit: 2025-11-11 19:38:41"
2025-11-11 19:38:41 - 开始推送代码到 GitHub...
2025-11-11 19:38:43 - 推送成功。
2025-11-11 19:38:43 - --- 脚本执行结束 ---
2025-11-11 20:01:37 - --- 脚本开始执行 ---
2025-11-11 20:01:37 - 检测到需要提交的更改。进行 git add 和 git commit。
2025-11-11 20:01:37 - 提交成功: "Auto commit: 2025-11-11 20:01:37"
2025-11-11 20:01:37 - 开始推送代码到 GitHub...
2025-11-11 20:01:40 - 推送成功。
2025-11-11 20:01:40 - --- 脚本执行结束 ---
2025-11-12 08:43:16 - --- 脚本开始执行 ---
2025-11-12 08:43:16 - 检测到需要提交的更改。进行 git add 和 git commit。
2025-11-12 08:43:16 - 提交成功: "Auto commit: 2025-11-12 08:43:16"
2025-11-12 08:43:16 - 开始推送代码到 GitHub...
2025-11-12 08:43:18 - 推送成功。
2025-11-12 08:43:18 - --- 脚本执行结束 ---
2025-11-12 13:35:30 - --- 脚本开始执行 ---
2025-11-12 13:35:30 - 检测到需要提交的更改。进行 git add 和 git commit。
2025-11-12 13:35:30 - 提交成功: "Auto commit: 2025-11-12 13:35:30"
2025-11-12 13:35:30 - 开始推送代码到 GitHub...
2025-11-12 13:35:32 - 推送成功。
2025-11-12 13:35:32 - --- 脚本执行结束 ---
2025-11-12 13:37:48 - --- 脚本开始执行 ---
2025-11-12 13:37:48 - 检测到需要提交的更改。进行 git add 和 git commit。
2025-11-12 13:37:48 - 提交成功: "Auto commit: 2025-11-12 13:37:48"
2025-11-12 13:37:48 - 开始推送代码到 GitHub...
2025-11-12 13:37:50 - 推送成功。
2025-11-12 13:37:50 - --- 脚本执行结束 ---
2025-11-12 14:01:31 - --- 脚本开始执行 ---
2025-11-12 14:01:31 - 检测到需要提交的更改。进行 git add 和 git commit。
2025-11-12 14:01:31 - 提交成功: "Auto commit: 2025-11-12 14:01:31"
2025-11-12 14:01:31 - 开始推送代码到 GitHub...
2025-11-12 14:01:32 - 推送成功。
2025-11-12 14:01:32 - --- 脚本执行结束 ---
2025-11-12 14:22:57 - --- 脚本开始执行 ---
2025-11-12 14:22:57 - 检测到需要提交的更改。进行 git add 和 git commit。
2025-11-12 14:22:57 - 提交成功: "Auto commit: 2025-11-12 14:22:57"
2025-11-12 14:22:57 - 开始推送代码到 GitHub...
2025-11-12 14:22:59 - 推送成功。
2025-11-12 14:22:59 - --- 脚本执行结束 ---
2025-11-12 14:29:25 - --- 脚本开始执行 ---
2025-11-12 14:29:25 - 检测到需要提交的更改。进行 git add 和 git commit。
2025-11-12 14:29:25 - 提交成功: "Auto commit: 2025-11-12 14:29:25"
2025-11-12 14:29:25 - 开始推送代码到 GitHub...
2025-11-12 14:30:02 - --- 脚本开始执行 ---
2025-11-12 14:30:02 - 检测到需要提交的更改。进行 git add 和 git commit。
2025-11-12 14:30:02 - 提交成功: "Auto commit: 2025-11-12 14:30:02"
2025-11-12 14:30:02 - 开始推送代码到 GitHub...
2025-11-12 14:30:58 - --- 脚本开始执行 ---
2025-11-12 14:30:58 - 检测到需要提交的更改。进行 git add 和 git commit。
